SF:lib\app\core\domain\entities\cartao_credito_taxa.dart
DA:7,5
DA:13,1
DA:14,1
DA:15,1
DA:16,1
DA:17,1
LF:6
LH:6
end_of_record
SF:lib\app\core\domain\entities\taxa.dart
DA:5,7
DA:9,1
DA:10,2
LF:3
LH:3
end_of_record
SF:lib\app\core\infra\repositories\taxas_repository_impl.dart
DA:11,1
DA:13,1
DA:15,2
DA:17,1
DA:18,2
DA:20,1
DA:21,2
DA:23,1
DA:27,2
DA:29,1
DA:31,2
DA:33,1
DA:35,2
LF:13
LH:13
end_of_record
SF:lib\app\core\domain\use_cases\set_taxas_use_case.dart
DA:17,1
DA:18,1
DA:25,2
DA:26,1
DA:31,2
DA:32,1
DA:36,2
LF:7
LH:7
end_of_record
SF:lib\app\core\external\cache\taxas_cache_impl.dart
DA:20,1
DA:21,1
DA:25,3
DA:28,2
DA:29,1
DA:33,2
DA:34,1
DA:38,1
DA:39,1
DA:46,2
DA:50,1
DA:54,3
DA:56,2
DA:58,2
DA:62,1
DA:66,3
DA:67,2
DA:69,2
DA:73,1
DA:78,2
DA:79,1
DA:80,1
DA:83,2
DA:84,1
DA:85,1
DA:88,2
DA:89,1
DA:90,1
DA:94,2
DA:98,1
DA:103,2
DA:104,1
DA:105,1
DA:109,2
DA:113,1
DA:116,2
DA:117,1
DA:118,1
DA:122,2
LF:39
LH:39
end_of_record
SF:lib\app\core\domain\use_cases\get_cartao_credito_taxa_use_case.dart
DA:12,1
DA:13,1
DA:15,2
LF:3
LH:3
end_of_record
SF:lib\app\core\domain\use_cases\get_cartao_debito_taxa_use_case.dart
DA:12,1
DA:13,1
DA:14,2
LF:3
LH:3
end_of_record
SF:lib\app\core\domain\use_cases\get_pix_taxa_use_case.dart
DA:12,1
DA:13,1
DA:14,2
LF:3
LH:3
end_of_record
