SF:lib\app\core\domain\entities\resultado_taxa_cartao_credito.dart
DA:11,2
DA:17,4
DA:19,4
DA:20,2
DA:22,1
DA:23,1
DA:24,1
DA:25,1
DA:26,1
DA:27,1
DA:28,1
DA:29,1
DA:30,1
LF:13
LH:13
end_of_record
SF:lib\app\core\domain\entities\resultado_taxa.dart
DA:7,7
DA:12,4
DA:14,3
DA:15,9
LF:4
LH:4
end_of_record
SF:lib\app\core\extensions\double_extension.dart
DA:2,5
DA:4,5
DA:5,5
LF:3
LH:3
end_of_record
SF:lib\app\core\domain\entities\valor_calculo.dart
DA:8,6
DA:14,5
DA:19,2
DA:20,6
LF:4
LH:4
end_of_record
SF:lib\app\core\domain\entities\valor_calculo_cartao_credito.dart
DA:28,3
DA:33,4
DA:38,3
DA:40,1
DA:41,1
DA:44,2
DA:46,2
DA:49,1
DA:50,3
LF:9
LH:9
end_of_record
SF:lib\app\core\domain\entities\cartao_credito_taxa.dart
DA:7,5
DA:13,1
DA:14,1
DA:15,1
DA:16,1
DA:17,1
LF:6
LH:6
end_of_record
SF:lib\app\core\domain\entities\taxa.dart
DA:5,7
DA:9,1
DA:10,2
LF:3
LH:3
end_of_record
SF:lib\app\core\infra\repositories\taxas_repository_impl.dart
DA:11,1
DA:13,1
DA:15,2
DA:17,1
DA:18,2
DA:20,1
DA:21,2
DA:23,1
DA:27,2
DA:29,1
DA:31,2
DA:33,1
DA:35,2
LF:13
LH:13
end_of_record
SF:lib\app\core\domain\use_cases\calcular_taxa_cartao_credito_use_case.dart
DA:17,1
DA:18,1
DA:22,2
DA:24,1
DA:25,2
DA:28,1
DA:30,1
DA:31,1
DA:32,2
DA:39,2
DA:41,3
DA:42,2
DA:43,1
DA:45,1
DA:47,4
DA:52,1
DA:53,2
DA:58,1
DA:59,1
DA:62,1
DA:63,1
LF:21
LH:21
end_of_record
SF:lib\app\core\domain\use_cases\calcular_taxa_cartao_debito_use_case.dart
DA:17,1
DA:18,1
DA:22,2
DA:24,1
DA:25,2
DA:27,3
DA:29,2
DA:30,3
DA:31,1
DA:32,1
DA:33,2
DA:34,1
DA:39,4
DA:40,1
DA:41,1
DA:42,1
LF:16
LH:16
end_of_record
SF:lib\app\core\domain\use_cases\calcular_taxa_pix_use_case.dart
DA:16,1
DA:17,1
DA:21,2
DA:23,1
DA:24,2
DA:26,3
DA:28,2
DA:29,3
DA:30,1
DA:31,1
DA:32,2
DA:33,1
DA:38,4
DA:39,1
DA:40,1
DA:41,1
LF:16
LH:16
end_of_record
SF:lib\app\core\domain\use_cases\set_taxas_use_case.dart
DA:17,1
DA:18,1
DA:25,2
DA:26,1
DA:31,2
DA:32,1
DA:36,2
LF:7
LH:7
end_of_record
SF:lib\app\core\external\cache\taxas_cache_impl.dart
DA:20,1
DA:21,1
DA:25,3
DA:28,2
DA:29,1
DA:33,2
DA:34,1
DA:38,1
DA:39,1
DA:46,2
DA:50,1
DA:54,3
DA:56,2
DA:58,2
DA:62,1
DA:66,3
DA:67,2
DA:69,2
DA:73,1
DA:78,2
DA:79,1
DA:80,1
DA:83,2
DA:84,1
DA:85,1
DA:88,2
DA:89,1
DA:90,1
DA:94,2
DA:98,1
DA:103,2
DA:104,1
DA:105,1
DA:109,2
DA:113,1
DA:116,2
DA:117,1
DA:118,1
DA:122,2
LF:39
LH:39
end_of_record
